<?xml version="1.0" encoding="UTF-8"?>
<!-- Generated by org.testng.reporters.JUnitReportReporter -->
<testsuite hostname="DESKTOP-9AK86N4" failures="0" tests="1" name="Tests.Testloading" time="5.825" errors="0" timestamp="2021-11-11T08:44:12 EET" skipped="0">
  <testcase classname="Tests.Testloading" name="Testloading" time="5.825"/>
  <system-out/>
</testsuite> <!-- Tests.Testloading -->
