<?xml version="1.0" encoding="UTF-8"?>
<!-- Generated by org.testng.reporters.JUnitReportReporter -->
<testsuite hostname="DESKTOP-9AK86N4" failures="0" tests="1" name="Tests.TestUploadFile" time="5.020" errors="0" timestamp="2021-11-11T08:45:41 EET" skipped="0">
  <testcase classname="Tests.TestUploadFile" name="testFileUpload" time="5.020"/>
  <system-out/>
</testsuite> <!-- Tests.TestUploadFile -->
