<?xml version="1.0" encoding="UTF-8"?>
<!-- Generated by org.testng.reporters.JUnitReportReporter -->
<testsuite hostname="DESKTOP-9AK86N4" failures="0" tests="1" name="Tests.googlesearch" time="11.357" errors="0" timestamp="2021-11-11T08:33:11 EET" skipped="0">
  <testcase classname="Tests.googlesearch" name="opeURL" time="11.357"/>
  <system-out/>
</testsuite> <!-- Tests.googlesearch -->
