<?xml version="1.0" encoding="UTF-8"?>
<!-- Generated by org.testng.reporters.JUnitReportReporter -->
<testsuite hostname="DESKTOP-9AK86N4" failures="0" tests="1" name="Tests.ApiAutomation" time="3.799" errors="0" timestamp="2021-11-11T08:06:27 EET" skipped="0">
  <testcase classname="Tests.ApiAutomation" name="testapicat" time="3.799"/>
  <system-out/>
</testsuite> <!-- Tests.ApiAutomation -->
