<?xml version="1.0" encoding="UTF-8"?>
<!-- Generated by org.testng.reporters.JUnitReportReporter -->
<testsuite hostname="DESKTOP-9AK86N4" failures="0" tests="1" name="Tests.googlesearch" time="13.136" errors="0" timestamp="2021-11-11T15:42:29 EET" skipped="0">
  <testcase classname="Tests.googlesearch" name="opeURL" time="13.136"/>
  <system-out/>
</testsuite> <!-- Tests.googlesearch -->
